{
  "stats": {
    "suites": 63,
    "tests": 189,
    "passes": 189,
    "pending": 0,
    "failures": 0,
    "start": "2018-05-03T11:00:14.903Z",
    "end": "2018-05-03T11:03:00.789Z",
    "duration": 165886,
    "testsRegistered": 189,
    "passPercent": 100,
    "pendingPercent": 0,
    "other": 0,
    "hasOther": false,
    "skipped": 0,
    "hasSkipped": false,
    "passPercentClass": "success",
    "pendingPercentClass": "danger"
  },
  "suites": {
    "uuid": "b4bd6060-8bfb-4356-9424-dd9b2406ec0b",
    "title": "",
    "fullFile": "",
    "file": "",
    "beforeHooks": [],
    "afterHooks": [],
    "tests": [],
    "suites": [
      {
        "uuid": "3201e4f7-be82-49b6-a48b-8ae0162b36eb",
        "title": "ValidatorMetadataNew",
        "fullFile": "",
        "file": "",
        "beforeHooks": [
          {
            "title": "\"before all\" hook: prepare suite",
            "fullTitle": "ValidatorMetadataNew \"before all\" hook: prepare suite",
            "timedOut": false,
            "duration": 0,
            "pass": false,
            "fail": false,
            "pending": false,
            "code": "series([\n  runner.initialize.bind(runner),\n  self.compileNewAbstractInterface.bind(this, runner),\n  self.deployTestDependencies.bind(this, abstraction, dependency_paths, runner)\n], done);",
            "err": {},
            "isRoot": false,
            "uuid": "181e7db6-8c50-4729-b5bd-2b1e0c627133",
            "isHook": true,
            "skipped": false
          },
          {
            "title": "\"before each\" hook: before test",
            "fullTitle": "ValidatorMetadataNew \"before each\" hook: before test",
            "timedOut": false,
            "duration": 0,
            "pass": false,
            "fail": false,
            "pending": false,
            "code": "runner.startTest(this, done);",
            "err": {},
            "isRoot": false,
            "uuid": "f2138b28-bd94-4609-a8b9-b53346482d13",
            "isHook": true,
            "skipped": false
          }
        ],
        "afterHooks": [
          {
            "title": "\"after each\" hook: after test",
            "fullTitle": "ValidatorMetadataNew \"after each\" hook: after test",
            "timedOut": false,
            "duration": 0,
            "pass": false,
            "fail": false,
            "pending": false,
            "code": "runner.endTest(this, done);",
            "err": {},
            "isRoot": false,
            "uuid": "c0c41bd9-1abc-4524-b74c-cee50d954f7a",
            "isHook": true,
            "skipped": false
          }
        ],
        "tests": [],
        "suites": [],
        "passes": [],
        "failures": [],
        "pending": [],
        "skipped": [],
        "duration": 0,
        "root": false,
        "rootEmpty": false,
        "_timeout": 2000
      },
      {
        "uuid": "c4d4cc55-6706-4309-9bb5-18404aed62c9",
        "title": "BallotsStorageMock",
        "fullFile": "",
        "file": "",
        "beforeHooks": [
          {
            "title": "\"before all\" hook: prepare suite",
            "fullTitle": "BallotsStorageMock \"before all\" hook: prepare suite",
            "timedOut": false,
            "duration": 0,
            "pass": false,
            "fail": false,
            "pending": false,
            "code": "series([\n  runner.initialize.bind(runner),\n  self.compileNewAbstractInterface.bind(this, runner),\n  self.deployTestDependencies.bind(this, abstraction, dependency_paths, runner)\n], done);",
            "err": {},
            "isRoot": false,
            "uuid": "0dce1129-65f1-4335-a0b1-be8a040a3441",
            "isHook": true,
            "skipped": false
          },
          {
            "title": "\"before each\" hook: before test",
            "fullTitle": "BallotsStorageMock \"before each\" hook: before test",
            "timedOut": false,
            "duration": 0,
            "pass": false,
            "fail": false,
            "pending": false,
            "code": "runner.startTest(this, done);",
            "err": {},
            "isRoot": false,
            "uuid": "529010b7-6678-40a7-a017-8f7c3a2b2107",
            "isHook": true,
            "skipped": false
          }
        ],
        "afterHooks": [
          {
            "title": "\"after each\" hook: after test",
            "fullTitle": "BallotsStorageMock \"after each\" hook: after test",
            "timedOut": false,
            "duration": 0,
            "pass": false,
            "fail": false,
            "pending": false,
            "code": "runner.endTest(this, done);",
            "err": {},
            "isRoot": false,
            "uuid": "5165048b-7898-481e-a987-47a5cd134bfa",
            "isHook": true,
            "skipped": false
          }
        ],
        "tests": [],
        "suites": [],
        "passes": [],
        "failures": [],
        "pending": [],
        "skipped": [],
        "duration": 0,
        "root": false,
        "rootEmpty": false,
        "_timeout": 2000
      },
      {
        "uuid": "6a4f2515-d298-42ab-812a-00c366230911",
        "title": "EternalStorageProxyMock",
        "fullFile": "",
        "file": "",
        "beforeHooks": [
          {
            "title": "\"before all\" hook: prepare suite",
            "fullTitle": "EternalStorageProxyMock \"before all\" hook: prepare suite",
            "timedOut": false,
            "duration": 0,
            "pass": false,
            "fail": false,
            "pending": false,
            "code": "series([\n  runner.initialize.bind(runner),\n  self.compileNewAbstractInterface.bind(this, runner),\n  self.deployTestDependencies.bind(this, abstraction, dependency_paths, runner)\n], done);",
            "err": {},
            "isRoot": false,
            "uuid": "94bfeaed-fc08-4a35-b35e-01b5894455dc",
            "isHook": true,
            "skipped": false
          },
          {
            "title": "\"before each\" hook: before test",
            "fullTitle": "EternalStorageProxyMock \"before each\" hook: before test",
            "timedOut": false,
            "duration": 0,
            "pass": false,
            "fail": false,
            "pending": false,
            "code": "runner.startTest(this, done);",
            "err": {},
            "isRoot": false,
            "uuid": "7457b578-0153-46cf-8129-1f4dce3731ad",
            "isHook": true,
            "skipped": false
          }
        ],
        "afterHooks": [
          {
            "title": "\"after each\" hook: after test",
            "fullTitle": "EternalStorageProxyMock \"after each\" hook: after test",
            "timedOut": false,
            "duration": 0,
            "pass": false,
            "fail": false,
            "pending": false,
            "code": "runner.endTest(this, done);",
            "err": {},
            "isRoot": false,
            "uuid": "c09b614b-f2a1-4cb0-b71e-d1c5c00a08b8",
            "isHook": true,
            "skipped": false
          }
        ],
        "tests": [],
        "suites": [],
        "passes": [],
        "failures": [],
        "pending": [],
        "skipped": [],
        "duration": 0,
        "root": false,
        "rootEmpty": false,
        "_timeout": 2000
      },
      {
        "uuid": "3c0ce62d-c21a-42f6-87f1-af7115973a8e",
        "title": "KeysManagerMock",
        "fullFile": "",
        "file": "",
        "beforeHooks": [
          {
            "title": "\"before all\" hook: prepare suite",
            "fullTitle": "KeysManagerMock \"before all\" hook: prepare suite",
            "timedOut": false,
            "duration": 0,
            "pass": false,
            "fail": false,
            "pending": false,
            "code": "series([\n  runner.initialize.bind(runner),\n  self.compileNewAbstractInterface.bind(this, runner),\n  self.deployTestDependencies.bind(this, abstraction, dependency_paths, runner)\n], done);",
            "err": {},
            "isRoot": false,
            "uuid": "5fd00fb5-5a27-4d93-95df-11e021bfe7ee",
            "isHook": true,
            "skipped": false
          },
          {
            "title": "\"before each\" hook: before test",
            "fullTitle": "KeysManagerMock \"before each\" hook: before test",
            "timedOut": false,
            "duration": 0,
            "pass": false,
            "fail": false,
            "pending": false,
            "code": "runner.startTest(this, done);",
            "err": {},
            "isRoot": false,
            "uuid": "2810c4a8-f987-48b7-ba77-da45fc704d98",
            "isHook": true,
            "skipped": false
          }
        ],
        "afterHooks": [
          {
            "title": "\"after each\" hook: after test",
            "fullTitle": "KeysManagerMock \"after each\" hook: after test",
            "timedOut": false,
            "duration": 0,
            "pass": false,
            "fail": false,
            "pending": false,
            "code": "runner.endTest(this, done);",
            "err": {},
            "isRoot": false,
            "uuid": "aa6c8aec-420b-4c79-9907-b4712cba8568",
            "isHook": true,
            "skipped": false
          }
        ],
        "tests": [],
        "suites": [],
        "passes": [],
        "failures": [],
        "pending": [],
        "skipped": [],
        "duration": 0,
        "root": false,
        "rootEmpty": false,
        "_timeout": 2000
      },
      {
        "uuid": "df67e35f-945c-45a4-a0f9-9445b9a46662",
        "title": "PoaNetworkConsensusMock",
        "fullFile": "",
        "file": "",
        "beforeHooks": [
          {
            "title": "\"before all\" hook: prepare suite",
            "fullTitle": "PoaNetworkConsensusMock \"before all\" hook: prepare suite",
            "timedOut": false,
            "duration": 0,
            "pass": false,
            "fail": false,
            "pending": false,
            "code": "series([\n  runner.initialize.bind(runner),\n  self.compileNewAbstractInterface.bind(this, runner),\n  self.deployTestDependencies.bind(this, abstraction, dependency_paths, runner)\n], done);",
            "err": {},
            "isRoot": false,
            "uuid": "694e4ab7-d8de-4d02-a1bd-9d09de8b9d22",
            "isHook": true,
            "skipped": false
          },
          {
            "title": "\"before each\" hook: before test",
            "fullTitle": "PoaNetworkConsensusMock \"before each\" hook: before test",
            "timedOut": false,
            "duration": 0,
            "pass": false,
            "fail": false,
            "pending": false,
            "code": "runner.startTest(this, done);",
            "err": {},
            "isRoot": false,
            "uuid": "6d2c63f2-7868-4189-8851-b4aa163482e4",
            "isHook": true,
            "skipped": false
          }
        ],
        "afterHooks": [
          {
            "title": "\"after each\" hook: after test",
            "fullTitle": "PoaNetworkConsensusMock \"after each\" hook: after test",
            "timedOut": false,
            "duration": 0,
            "pass": false,
            "fail": false,
            "pending": false,
            "code": "runner.endTest(this, done);",
            "err": {},
            "isRoot": false,
            "uuid": "206a13a6-6a9b-4246-ac9f-7fa889d3ddce",
            "isHook": true,
            "skipped": false
          }
        ],
        "tests": [],
        "suites": [],
        "passes": [],
        "failures": [],
        "pending": [],
        "skipped": [],
        "duration": 0,
        "root": false,
        "rootEmpty": false,
        "_timeout": 2000
      },
      {
        "uuid": "95dfb7db-1002-4d23-a545-34c18a350cd4",
        "title": "ProxyStorageMock",
        "fullFile": "",
        "file": "",
        "beforeHooks": [
          {
            "title": "\"before all\" hook: prepare suite",
            "fullTitle": "ProxyStorageMock \"before all\" hook: prepare suite",
            "timedOut": false,
            "duration": 0,
            "pass": false,
            "fail": false,
            "pending": false,
            "code": "series([\n  runner.initialize.bind(runner),\n  self.compileNewAbstractInterface.bind(this, runner),\n  self.deployTestDependencies.bind(this, abstraction, dependency_paths, runner)\n], done);",
            "err": {},
            "isRoot": false,
            "uuid": "761a2085-e881-434c-8aa9-cb572eef7854",
            "isHook": true,
            "skipped": false
          },
          {
            "title": "\"before each\" hook: before test",
            "fullTitle": "ProxyStorageMock \"before each\" hook: before test",
            "timedOut": false,
            "duration": 0,
            "pass": false,
            "fail": false,
            "pending": false,
            "code": "runner.startTest(this, done);",
            "err": {},
            "isRoot": false,
            "uuid": "0e50b8f8-22dc-4be3-89af-48403f5012ac",
            "isHook": true,
            "skipped": false
          }
        ],
        "afterHooks": [
          {
            "title": "\"after each\" hook: after test",
            "fullTitle": "ProxyStorageMock \"after each\" hook: after test",
            "timedOut": false,
            "duration": 0,
            "pass": false,
            "fail": false,
            "pending": false,
            "code": "runner.endTest(this, done);",
            "err": {},
            "isRoot": false,
            "uuid": "094f0161-590f-4e00-a239-2e5ac5063712",
            "isHook": true,
            "skipped": false
          }
        ],
        "tests": [],
        "suites": [],
        "passes": [],
        "failures": [],
        "pending": [],
        "skipped": [],
        "duration": 0,
        "root": false,
        "rootEmpty": false,
        "_timeout": 2000
      },
      {
        "uuid": "46ae022b-cd9d-4989-8296-43771271fc1a",
        "title": "ValidatorMetadataMock",
        "fullFile": "",
        "file": "",
        "beforeHooks": [
          {
            "title": "\"before all\" hook: prepare suite",
            "fullTitle": "ValidatorMetadataMock \"before all\" hook: prepare suite",
            "timedOut": false,
            "duration": 0,
            "pass": false,
            "fail": false,
            "pending": false,
            "code": "series([\n  runner.initialize.bind(runner),\n  self.compileNewAbstractInterface.bind(this, runner),\n  self.deployTestDependencies.bind(this, abstraction, dependency_paths, runner)\n], done);",
            "err": {},
            "isRoot": false,
            "uuid": "1cfdae6f-7bec-48d0-bcfc-84273c8e4266",
            "isHook": true,
            "skipped": false
          },
          {
            "title": "\"before each\" hook: before test",
            "fullTitle": "ValidatorMetadataMock \"before each\" hook: before test",
            "timedOut": false,
            "duration": 0,
            "pass": false,
            "fail": false,
            "pending": false,
            "code": "runner.startTest(this, done);",
            "err": {},
            "isRoot": false,
            "uuid": "5ce1d57d-56e0-4167-9b45-a92cb54b1e2b",
            "isHook": true,
            "skipped": false
          }
        ],
        "afterHooks": [
          {
            "title": "\"after each\" hook: after test",
            "fullTitle": "ValidatorMetadataMock \"after each\" hook: after test",
            "timedOut": false,
            "duration": 0,
            "pass": false,
            "fail": false,
            "pending": false,
            "code": "runner.endTest(this, done);",
            "err": {},
            "isRoot": false,
            "uuid": "75837ae3-e2b0-4cef-bd58-8743755f739e",
            "isHook": true,
            "skipped": false
          }
        ],
        "tests": [],
        "suites": [],
        "passes": [],
        "failures": [],
        "pending": [],
        "skipped": [],
        "duration": 0,
        "root": false,
        "rootEmpty": false,
        "_timeout": 2000
      },
      {
        "uuid": "139e6c7b-b145-4ec7-9a2e-ed648c776ead",
        "title": "VotingToChangeKeysMock",
        "fullFile": "",
        "file": "",
        "beforeHooks": [
          {
            "title": "\"before all\" hook: prepare suite",
            "fullTitle": "VotingToChangeKeysMock \"before all\" hook: prepare suite",
            "timedOut": false,
            "duration": 0,
            "pass": false,
            "fail": false,
            "pending": false,
            "code": "series([\n  runner.initialize.bind(runner),\n  self.compileNewAbstractInterface.bind(this, runner),\n  self.deployTestDependencies.bind(this, abstraction, dependency_paths, runner)\n], done);",
            "err": {},
            "isRoot": false,
            "uuid": "4085bafa-3753-4d5e-93c6-a5a9983373d3",
            "isHook": true,
            "skipped": false
          },
          {
            "title": "\"before each\" hook: before test",
            "fullTitle": "VotingToChangeKeysMock \"before each\" hook: before test",
            "timedOut": false,
            "duration": 0,
            "pass": false,
            "fail": false,
            "pending": false,
            "code": "runner.startTest(this, done);",
            "err": {},
            "isRoot": false,
            "uuid": "8a950ec2-6a8b-44f8-b33f-cb2081e2728d",
            "isHook": true,
            "skipped": false
          }
        ],
        "afterHooks": [
          {
            "title": "\"after each\" hook: after test",
            "fullTitle": "VotingToChangeKeysMock \"after each\" hook: after test",
            "timedOut": false,
            "duration": 0,
            "pass": false,
            "fail": false,
            "pending": false,
            "code": "runner.endTest(this, done);",
            "err": {},
            "isRoot": false,
            "uuid": "b6095ef9-46c6-414f-881b-d36f1a57f3b7",
            "isHook": true,
            "skipped": false
          }
        ],
        "tests": [],
        "suites": [],
        "passes": [],
        "failures": [],
        "pending": [],
        "skipped": [],
        "duration": 0,
        "root": false,
        "rootEmpty": false,
        "_timeout": 2000
      },
      {
        "uuid": "a6c2207b-693f-4133-9d1d-4653590a7770",
        "title": "VotingToChangeMinThresholdMock",
        "fullFile": "",
        "file": "",
        "beforeHooks": [
          {
            "title": "\"before all\" hook: prepare suite",
            "fullTitle": "VotingToChangeMinThresholdMock \"before all\" hook: prepare suite",
            "timedOut": false,
            "duration": 0,
            "pass": false,
            "fail": false,
            "pending": false,
            "code": "series([\n  runner.initialize.bind(runner),\n  self.compileNewAbstractInterface.bind(this, runner),\n  self.deployTestDependencies.bind(this, abstraction, dependency_paths, runner)\n], done);",
            "err": {},
            "isRoot": false,
            "uuid": "f055cb6b-b064-4121-81fa-0c98b70549de",
            "isHook": true,
            "skipped": false
          },
          {
            "title": "\"before each\" hook: before test",
            "fullTitle": "VotingToChangeMinThresholdMock \"before each\" hook: before test",
            "timedOut": false,
            "duration": 0,
            "pass": false,
            "fail": false,
            "pending": false,
            "code": "runner.startTest(this, done);",
            "err": {},
            "isRoot": false,
            "uuid": "d4cf27e1-a36d-40ba-9c33-2ddbe24a7bd7",
            "isHook": true,
            "skipped": false
          }
        ],
        "afterHooks": [
          {
            "title": "\"after each\" hook: after test",
            "fullTitle": "VotingToChangeMinThresholdMock \"after each\" hook: after test",
            "timedOut": false,
            "duration": 0,
            "pass": false,
            "fail": false,
            "pending": false,
            "code": "runner.endTest(this, done);",
            "err": {},
            "isRoot": false,
            "uuid": "ff2cc683-760b-4c7b-b256-d8c9968ab574",
            "isHook": true,
            "skipped": false
          }
        ],
        "tests": [],
        "suites": [],
        "passes": [],
        "failures": [],
        "pending": [],
        "skipped": [],
        "duration": 0,
        "root": false,
        "rootEmpty": false,
        "_timeout": 2000
      },
      {
        "uuid": "ed6e53b5-f866-45e5-8ccc-f42948ede2b1",
        "title": "VotingToChangeProxyAddressMock",
        "fullFile": "",
        "file": "",
        "beforeHooks": [
          {
            "title": "\"before all\" hook: prepare suite",
            "fullTitle": "VotingToChangeProxyAddressMock \"before all\" hook: prepare suite",
            "timedOut": false,
            "duration": 0,
            "pass": false,
            "fail": false,
            "pending": false,
            "code": "series([\n  runner.initialize.bind(runner),\n  self.compileNewAbstractInterface.bind(this, runner),\n  self.deployTestDependencies.bind(this, abstraction, dependency_paths, runner)\n], done);",
            "err": {},
            "isRoot": false,
            "uuid": "8deaac34-4339-499f-a315-347e82431727",
            "isHook": true,
            "skipped": false
          },
          {
            "title": "\"before each\" hook: before test",
            "fullTitle": "VotingToChangeProxyAddressMock \"before each\" hook: before test",
            "timedOut": false,
            "duration": 0,
            "pass": false,
            "fail": false,
            "pending": false,
            "code": "runner.startTest(this, done);",
            "err": {},
            "isRoot": false,
            "uuid": "25f415c1-aebd-48b5-822f-542287a13ec1",
            "isHook": true,
            "skipped": false
          }
        ],
        "afterHooks": [
          {
            "title": "\"after each\" hook: after test",
            "fullTitle": "VotingToChangeProxyAddressMock \"after each\" hook: after test",
            "timedOut": false,
            "duration": 0,
            "pass": false,
            "fail": false,
            "pending": false,
            "code": "runner.endTest(this, done);",
            "err": {},
            "isRoot": false,
            "uuid": "d856365e-6d06-490b-9519-5578f0c493e9",
            "isHook": true,
            "skipped": false
          }
        ],
        "tests": [],
        "suites": [],
        "passes": [],
        "failures": [],
        "pending": [],
        "skipped": [],
        "duration": 0,
        "root": false,
        "rootEmpty": false,
        "_timeout": 2000
      },
      {
        "uuid": "311d7ece-0b98-4234-8e21-8640ea4ea20c",
        "title": "Contract: BallotsStorage [all features]",
        "fullFile": "/home/travis/build/poanetwork/poa-network-consensus-contracts/test/ballots_storage_test.js",
        "file": "/test/ballots_storage_test.js",
        "beforeHooks": [
          {
            "title": "\"before all\" hook: prepare suite",
            "fullTitle": "Contract: BallotsStorage [all features] \"before all\" hook: prepare suite",
            "timedOut": false,
            "duration": 92,
            "pass": false,
            "fail": false,
            "pending": false,
            "code": "this.timeout(runner.BEFORE_TIMEOUT);\nrunner.initialize(done);",
            "err": {},
            "isRoot": false,
            "uuid": "bfd574f2-8e52-4949-b3a4-7af72bb6c35e",
            "isHook": true,
            "skipped": false
          },
          {
            "title": "\"before each\" hook: before test",
            "fullTitle": "Contract: BallotsStorage [all features] \"before each\" hook: before test",
            "timedOut": false,
            "duration": 3,
            "pass": false,
            "fail": false,
            "pending": false,
            "code": "runner.startTest(this, done);",
            "err": {},
            "isRoot": false,
            "uuid": "1c602f53-10cb-4f73-9300-9210f2b86395",
            "isHook": true,
            "skipped": false
          },
          {
            "title": "\"before each\" hook",
            "fullTitle": "Contract: BallotsStorage [all features] \"before each\" hook",
            "timedOut": false,
            "duration": 280,
            "pass": false,
            "fail": false,
            "pending": false,
            "code": "poaNetworkConsensus = await PoaNetworkConsensus.new(masterOfCeremony, []);\nproxyStorage = await ProxyStorageMock.new(poaNetworkConsensus.address);\nballotsStorageMock = await BallotsStorageMock.new(proxyStorage.address);\nkeysManager = await KeysManagerMock.new(proxyStorage.address, poaNetworkConsensus.address, masterOfCeremony, \"0x0000000000000000000000000000000000000000\");\nawait poaNetworkConsensus.setProxyStorage(proxyStorage.address);\nawait proxyStorage.initializeAddresses(\n  keysManager.address,\n  votingToChangeKeys,\n  votingToChangeMinThreshold,\n  votingToChangeProxy,\n  ballotsStorageMock.address,\n  validatorMetadataEternalStorage\n);",
            "err": {},
            "isRoot": false,
            "uuid": "1d7ba7ba-1349-4906-82c2-f7e90a87201d",
            "isHook": true,
            "skipped": false
          }
        ],
        "afterHooks": [
          {
            "title": "\"after each\" hook: after test",
            "fullTitle": "Contract: BallotsStorage [all features] \"after each\" hook: after test",
            "timedOut": false,
            "duration": 0,
            "pass": false,
            "fail": false,
            "pending": false,
            "code": "runner.endTest(this, done);",
            "err": {},
            "isRoot": false,
            "uuid": "d70de099-b864-4895-9a21-70c1759f2b5b",
            "isHook": true,
            "skipped": false
          }
        ],
        "tests": [],
        "suites": [
          {
            "uuid": "7cd1d71e-6559-4981-ae33-b2fa89f32503",
            "title": "#constructor",
            "fullFile": "/home/travis/build/poanetwork/poa-network-consensus-contracts/test/ballots_storage_test.js",
            "file": "/test/ballots_storage_test.js",
            "beforeHooks": [],
            "afterHooks": [],
            "tests": [
              {
                "title": "sets MoC and Poa",
                "fullTitle": "Contract: BallotsStorage [all features] #constructor sets MoC and Poa",
                "timedOut": false,
                "duration": 39,
                "state": "passed",
                "speed": "medium",
                "pass": true,
                "fail": false,
                "pending": false,
                "code": "new web3.BigNumber(3).should.be.bignumber.equal(\n  await ballotsStorageMock.getBallotThreshold(1)\n);\nnew web3.BigNumber(2).should.be.bignumber.equal(\n  await ballotsStorageMock.getBallotThreshold(2)\n);",
                "err": {},
                "isRoot": false,
                "uuid": "57c0f463-d5a5-48f0-a951-2b8747ed91ca",
                "isHook": false,
                "skipped": false
              }
            ],
            "suites": [],
            "passes": [
              "57c0f463-d5a5-48f0-a951-2b8747ed91ca"
            ],
            "failures": [],
            "pending": [],
            "skipped": [],
            "duration": 39,
            "root": false,
            "rootEmpty": false,
            "_timeout": 300000
          },
          {
            "uuid": "ecda13e1-cb89-49a5-8036-10b898fad651",
            "title": "#setThreshold",
            "fullFile": "/home/travis/build/poanetwork/poa-network-consensus-contracts/test/ballots_storage_test.js",
            "file": "/test/ballots_storage_test.js",
            "beforeHooks": [],
            "afterHooks": [],
            "tests": [
              {
                "title": "can only be called from votingToChangeThreshold address",
                "fullTitle": "Contract: BallotsStorage [all features] #setThreshold can only be called from votingToChangeThreshold address",
                "timedOut": false,
                "duration": 87,
                "state": "passed",
                "speed": "slow",
                "pass": true,
                "fail": false,
                "pending": false,
                "code": "await ballotsStorageMock.setThreshold(4, 1, {from: accounts[1]}).should.be.rejectedWith(ERROR_MSG);\nawait ballotsStorageMock.setThreshold(4, 1, {from: accounts[3]}).should.be.fulfilled;",
                "err": {},
                "isRoot": false,
                "uuid": "0a5adb65-3b75-47d0-8cd1-849247f20343",
                "isHook": false,
                "skipped": false
              },
              {
                "title": "cannot be set for Invalid threshold",
                "fullTitle": "Contract: BallotsStorage [all features] #setThreshold cannot be set for Invalid threshold",
                "timedOut": false,
                "duration": 121,
                "state": "passed",
                "speed": "slow",
                "pass": true,
                "fail": false,
                "pending": false,
                "code": "await ballotsStorageMock.setThreshold(5, 0, {from: accounts[3]}).should.be.rejectedWith(ERROR_MSG);\nawait ballotsStorageMock.setThreshold(5, -10, {from: accounts[3]}).should.be.rejectedWith(ERROR_MSG);\nawait ballotsStorageMock.setThreshold(5, -1, {from: accounts[3]}).should.be.rejectedWith(ERROR_MSG);\nawait ballotsStorageMock.setThreshold(5, 3, {from: accounts[3]}).should.be.rejectedWith(ERROR_MSG);",
                "err": {},
                "isRoot": false,
                "uuid": "86a23925-49a6-414c-8a35-70c5e29bcdca",
                "isHook": false,
                "skipped": false
              },
              {
                "title": "new value cannot be equal to 0",
                "fullTitle": "Contract: BallotsStorage [all features] #setThreshold new value cannot be equal to 0",
                "timedOut": false,
                "duration": 133,
                "state": "passed",
                "speed": "slow",
                "pass": true,
                "fail": false,
                "pending": false,
                "code": "await ballotsStorageMock.setThreshold(0, 1, {from: accounts[3]}).should.be.rejectedWith(ERROR_MSG);\nawait ballotsStorageMock.setThreshold(0, 2, {from: accounts[3]}).should.be.rejectedWith(ERROR_MSG);\nawait ballotsStorageMock.setThreshold(4, 1, {from: accounts[3]}).should.be.fulfilled;\nawait ballotsStorageMock.setThreshold(4, 2, {from: accounts[3]}).should.be.fulfilled;",
                "err": {},
                "isRoot": false,
                "uuid": "9ce54203-2a60-411e-97c4-b4c6784c76eb",
                "isHook": false,
                "skipped": false
              },
              {
                "title": "sets new value for Keys threshold",
                "fullTitle": "Contract: BallotsStorage [all features] #setThreshold sets new value for Keys threshold",
                "timedOut": false,
                "duration": 50,
                "state": "passed",
                "speed": "medium",
                "pass": true,
                "fail": false,
                "pending": false,
                "code": "await ballotsStorageMock.setThreshold(5, 1, {from: accounts[3]}).should.be.fulfilled; \nnew web3.BigNumber(5).should.be.bignumber.equal(await ballotsStorageMock.getBallotThreshold(1));",
                "err": {},
                "isRoot": false,
                "uuid": "3dfb433e-09c2-4921-928e-6a9772b692af",
                "isHook": false,
                "skipped": false
              },
              {
                "title": "sets new value for MetadataChange threshold",
                "fullTitle": "Contract: BallotsStorage [all features] #setThreshold sets new value for MetadataChange threshold",
                "timedOut": false,
                "duration": 48,
                "state": "passed",
                "speed": "medium",
                "pass": true,
                "fail": false,
                "pending": false,
                "code": "await ballotsStorageMock.setThreshold(6, 2, {from: accounts[3]}).should.be.fulfilled;\nnew web3.BigNumber(6).should.be.bignumber.equal(await ballotsStorageMock.getBallotThreshold(2));",
                "err": {},
                "isRoot": false,
                "uuid": "2575c64b-a13a-48a1-940b-f3baff53968b",
                "isHook": false,
                "skipped": false
              }
            ],
            "suites": [],
            "passes": [
              "0a5adb65-3b75-47d0-8cd1-849247f20343",
              "86a23925-49a6-414c-8a35-70c5e29bcdca",
              "9ce54203-2a60-411e-97c4-b4c6784c76eb",
              "3dfb433e-09c2-4921-928e-6a9772b692af",
              "2575c64b-a13a-48a1-940b-f3baff53968b"
            ],
            "failures": [],
            "pending": [],
            "skipped": [],
            "duration": 439,
            "root": false,
            "rootEmpty": false,
            "_timeout": 300000
          },
          {
            "uuid": "3b8e01c4-29be-4b8a-bd76-47cd568f5ce2",
            "title": "#getTotalNumberOfValidators",
            "fullFile": "/home/travis/build/poanetwork/poa-network-consensus-contracts/test/ballots_storage_test.js",
            "file": "/test/ballots_storage_test.js",
            "beforeHooks": [],
            "afterHooks": [],
            "tests": [
              {
                "title": "returns total number of validators",
                "fullTitle": "Contract: BallotsStorage [all features] #getTotalNumberOfValidators returns total number of validators",
                "timedOut": false,
                "duration": 175,
                "state": "passed",
                "speed": "slow",
                "pass": true,
                "fail": false,
                "pending": false,
                "code": "await proxyStorage.setKeysManagerMock(masterOfCeremony);\nawait poaNetworkConsensus.addValidator(accounts[1], true);\nawait poaNetworkConsensus.setSystemAddress(masterOfCeremony);\nawait poaNetworkConsensus.finalizeChange().should.be.fulfilled;\nconst getValidators = await poaNetworkConsensus.getValidators();\nnew web3.BigNumber(2).should.be.bignumber.equal(getValidators.length);\nnew web3.BigNumber(2).should.be.bignumber.equal(await ballotsStorageMock.getTotalNumberOfValidators())",
                "err": {},
                "isRoot": false,
                "uuid": "8189f96c-610f-4240-9578-a36305964630",
                "isHook": false,
                "skipped": false
              }
            ],
            "suites": [],
            "passes": [
              "8189f96c-610f-4240-9578-a36305964630"
            ],
            "failures": [],
            "pending": [],
            "skipped": [],
            "duration": 175,
            "root": false,
            "rootEmpty": false,
            "_timeout": 300000
          },
          {
            "uuid": "1c59ed91-02c0-49f8-b4f9-60224139fffd",
            "title": "#getProxyThreshold",
            "fullFile": "/home/travis/build/poanetwork/poa-network-consensus-contracts/test/ballots_storage_test.js",
            "file": "/test/ballots_storage_test.js",
            "beforeHooks": [],
            "afterHooks": [],
            "tests": [
              {
                "title": "returns total number of validators",
                "fullTitle": "Contract: BallotsStorage [all features] #getProxyThreshold returns total number of validators",
                "timedOut": false,
                "duration": 433,
                "state": "passed",
                "speed": "slow",
                "pass": true,
                "fail": false,
                "pending": false,
                "code": "new web3.BigNumber(1).should.be.bignumber.equal(await ballotsStorageMock.getProxyThreshold())\nawait proxyStorage.setKeysManagerMock(masterOfCeremony);\nawait poaNetworkConsensus.addValidator(accounts[1], true);\nawait poaNetworkConsensus.addValidator(accounts[2], true);\nawait poaNetworkConsensus.addValidator(accounts[3], true);\nawait poaNetworkConsensus.addValidator(accounts[4], true);\nawait poaNetworkConsensus.addValidator(accounts[5], true);\nawait poaNetworkConsensus.setSystemAddress(accounts[0]);\nawait poaNetworkConsensus.finalizeChange().should.be.fulfilled;\nconst getValidators = await poaNetworkConsensus.getValidators();\nnew web3.BigNumber(6).should.be.bignumber.equal(getValidators.length);\nnew web3.BigNumber(3).should.be.bignumber.equal(await ballotsStorageMock.getProxyThreshold())",
                "err": {},
                "isRoot": false,
                "uuid": "61e8974c-0708-476f-a85d-23fcee0d60bb",
                "isHook": false,
                "skipped": false
              }
            ],
            "suites": [],
            "passes": [
              "61e8974c-0708-476f-a85d-23fcee0d60bb"
            ],
            "failures": [],
            "pending": [],
            "skipped": [],
            "duration": 433,
            "root": false,
            "rootEmpty": false,
            "_timeout": 300000
          },
          {
            "uuid": "91c3a7b5-1992-4690-be56-68c905b93235",
            "title": "#getVotingToChangeThreshold",
            "fullFile": "/home/travis/build/poanetwork/poa-network-consensus-contracts/test/ballots_storage_test.js",
            "file": "/test/ballots_storage_test.js",
            "beforeHooks": [],
            "afterHooks": [],
            "tests": [
              {
                "title": "returns voting to change min threshold address",
                "fullTitle": "Contract: BallotsStorage [all features] #getVotingToChangeThreshold returns voting to change min threshold address",
                "timedOut": false,
                "duration": 58,
                "state": "passed",
                "speed": "medium",
                "pass": true,
                "fail": false,
                "pending": false,
                "code": "votingToChangeMinThreshold.should.be.equal(await ballotsStorageMock.getVotingToChangeThreshold())\nawait proxyStorage.setVotingToChangeMinThresholdMock(accounts[4]);\naccounts[4].should.be.equal(await ballotsStorageMock.getVotingToChangeThreshold())",
                "err": {},
                "isRoot": false,
                "uuid": "e6cd4412-0c9a-44f0-9292-da1e4e7092dd",
                "isHook": false,
                "skipped": false
              }
            ],
            "suites": [],
            "passes": [
              "e6cd4412-0c9a-44f0-9292-da1e4e7092dd"
            ],
            "failures": [],
            "pending": [],
            "skipped": [],
            "duration": 58,
            "root": false,
            "rootEmpty": false,
            "_timeout": 300000
          },
          {
            "uuid": "2048b57d-21e1-4b6e-9f32-9123030b3c0c",
            "title": "#getBallotLimit",
            "fullFile": "/home/travis/build/poanetwork/poa-network-consensus-contracts/test/ballots_storage_test.js",
            "file": "/test/ballots_storage_test.js",
            "beforeHooks": [],
            "afterHooks": [],
            "tests": [
              {
                "title": "returns limit per validator to create ballots",
                "fullTitle": "Contract: BallotsStorage [all features] #getBallotLimit returns limit per validator to create ballots",
                "timedOut": false,
                "duration": 270,
                "state": "passed",
                "speed": "slow",
                "pass": true,
                "fail": false,
                "pending": false,
                "code": "let limit = await ballotsStorageMock.getBallotLimitPerValidator();\nlimit.should.be.bignumber.equal(200);\nawait keysManager.addMiningKey(accounts[1]).should.be.fulfilled;\nawait keysManager.addMiningKey(accounts[2]).should.be.fulfilled;\nawait poaNetworkConsensus.setSystemAddress(accounts[0]);\nawait poaNetworkConsensus.finalizeChange().should.be.fulfilled;\nlimit = await ballotsStorageMock.getBallotLimitPerValidator();\nlimit.should.be.bignumber.equal(100);",
                "err": {},
                "isRoot": false,
                "uuid": "ea66d8e0-02b8-48dc-81f2-393ca3accb10",
                "isHook": false,
                "skipped": false
              }
            ],
            "suites": [],
            "passes": [
              "ea66d8e0-02b8-48dc-81f2-393ca3accb10"
            ],
            "failures": [],
            "pending": [],
            "skipped": [],
            "duration": 270,
            "root": false,
            "rootEmpty": false,
            "_timeout": 300000
          }
        ],
        "passes": [],
        "failures": [],
        "pending": [],
        "skipped": [],
        "duration": 0,
        "root": false,
        "rootEmpty": false,
        "_timeout": 300000
      },
      {
        "uuid": "c076840b-dc4d-4941-8f2f-e4d5ee29f9d1",
        "title": "Contract: KeysManager [all features]",
        "fullFile": "/home/travis/build/poanetwork/poa-network-consensus-contracts/test/keys_manager_test.js",
        "file": "/test/keys_manager_test.js",
        "beforeHooks": [
          {
            "title": "\"before all\" hook: prepare suite",
            "fullTitle": "Contract: KeysManager [all features] \"before all\" hook: prepare suite",
            "timedOut": false,
            "duration": 334,
            "pass": false,
            "fail": false,
            "pending": false,
            "code": "this.timeout(runner.BEFORE_TIMEOUT);\nrunner.initialize(done);",
            "err": {},
            "isRoot": false,
            "uuid": "62021113-2e23-4a1e-b06a-2bef4214ad29",
            "isHook": true,
            "skipped": false
          },
          {
            "title": "\"before each\" hook: before test",
            "fullTitle": "Contract: KeysManager [all features] \"before each\" hook: before test",
            "timedOut": false,
            "duration": 3,
            "pass": false,
            "fail": false,
            "pending": false,
            "code": "runner.startTest(this, done);",
            "err": {},
            "isRoot": false,
            "uuid": "56e39f2b-0e29-44f6-943d-bd312887d099",
            "isHook": true,
            "skipped": false
          },
          {
            "title": "\"before each\" hook",
            "fullTitle": "Contract: KeysManager [all features] \"before each\" hook",
            "timedOut": false,
            "duration": 245,
            "pass": false,
            "fail": false,
            "pending": false,
            "code": "poaNetworkConsensusMock = await PoaNetworkConsensusMock.new(masterOfCeremony, []);\nproxyStorageMock = await ProxyStorageMock.new(poaNetworkConsensusMock.address);\nkeysManager = await KeysManagerMock.new(proxyStorageMock.address, poaNetworkConsensusMock.address, masterOfCeremony, \"0x0000000000000000000000000000000000000000\");\nawait poaNetworkConsensusMock.setProxyStorage(proxyStorageMock.address);\nawait proxyStorageMock.initializeAddresses(\n  keysManager.address,\n  masterOfCeremony,\n  masterOfCeremony,\n  masterOfCeremony,\n  masterOfCeremony,\n  masterOfCeremony\n);",
            "err": {},
            "isRoot": false,
            "uuid": "7f6a5ff8-e2cc-47a6-95ea-757d59bc0b07",
            "isHook": true,
            "skipped": false
          }
        ],
        "afterHooks": [
          {
            "title": "\"after each\" hook: after test",
            "fullTitle": "Contract: KeysManager [all features] \"after each\" hook: after test",
            "timedOut": false,
            "duration": 0,
            "pass": false,
            "fail": false,
            "pending": false,
            "code": "runner.endTest(this, done);",
            "err": {},
            "isRoot": false,
            "uuid": "a025d39f-1fae-4b13-aa69-f1be972ee51a",
            "isHook": true,
            "skipped": false
          }
        ],
        "tests": [],
        "suites": [
          {
            "uuid": "3e56a98f-f39c-40f3-a318-bc36dd0535c5",
            "title": "#constructor",
            "fullFile": "/home/travis/build/poanetwork/poa-network-consensus-contracts/test/keys_manager_test.js",
            "file": "/test/keys_manager_test.js",
            "beforeHooks": [],
            "afterHooks": [],
            "tests": [
              {
                "title": "sets masterOfCeremony, proxyStorage, poaConsensus",
                "fullTitle": "Contract: KeysManager [all features] #constructor sets masterOfCeremony, proxyStorage, poaConsensus",
                "timedOut": false,
                "duration": 44,
                "state": "passed",
                "speed": "medium",
                "pass": true,
                "fail": false,
                "pending": false,
                "code": "masterOfCeremony.should.be.equal(await keysManager.masterOfCeremony());\nproxyStorageMock.address.should.be.equal(await keysManager.proxyStorage());\npoaNetworkConsensusMock.address.should.be.equal(await keysManager.poaNetworkConsensus());",
                "err": {},
                "isRoot": false,
                "uuid": "dab72686-761b-4468-9282-a7f08dfb3d9c",
                "isHook": false,
                "skipped": false
              },
              {
                "title": "adds masterOfCeremony to validators hash",
                "fullTitle": "Contract: KeysManager [all features] #constructor adds masterOfCeremony to validators hash",
                "timedOut": false,
                "duration": 15,
                "state": "passed",
                "speed": "fast",
                "pass": true,
                "fail": false,
                "pending": false,
                "code": "const validator = await keysManager.validatorKeys(masterOfCeremony);\nvalidator.should.be.deep.equal(\n  [ '0x0000000000000000000000000000000000000000',\n  '0x0000000000000000000000000000000000000000',\n  true,\n  false,\n  false]\n)",
                "err": {},
                "isRoot": false,
                "uuid": "8bf750d4-0b75-48c8-8e29-32acf869ff1d",
                "isHook": false,
                "skipped": false
              }
            ],
            "suites": [],
            "passes": [
              "dab72686-761b-4468-9282-a7f08dfb3d9c",
              "8bf750d4-0b75-48c8-8e29-32acf869ff1d"
            ],
            "failures": [],
            "pending": [],
            "skipped": [],
            "duration": 59,
            "root": false,
            "rootEmpty": false,
            "_timeout": 300000
          },
          {
            "uuid": "02aabf40-5c10-431a-8031-caa04e8c921c",
            "title": "#initiateKeys",
            "fullFile": "/home/travis/build/poanetwork/poa-network-consensus-contracts/test/keys_manager_test.js",
            "file": "/test/keys_manager_test.js",
            "beforeHooks": [],
            "afterHooks": [],
            "tests": [
              {
                "title": "can only be called by master of ceremony",
                "fullTitle": "Contract: KeysManager [all features] #initiateKeys can only be called by master of ceremony",
                "timedOut": false,
                "duration": 50,
                "state": "passed",
                "speed": "medium",
                "pass": true,
                "fail": false,
                "pending": false,
                "code": "await keysManager.initiateKeys(accounts[2], {from: accounts[1]}).should.be.rejectedWith(ERROR_MSG);\nawait keysManager.initiateKeys(accounts[2], {from: masterOfCeremony}).should.be.fulfilled;",
                "err": {},
                "isRoot": false,
                "uuid": "ec1c8a74-80de-4e2f-ae1a-88c4a5dd84bc",
                "isHook": false,
                "skipped": false
              },
              {
                "title": "cannot allow 0x0 addresses",
                "fullTitle": "Contract: KeysManager [all features] #initiateKeys cannot allow 0x0 addresses",
                "timedOut": false,
                "duration": 48,
                "state": "passed",
                "speed": "medium",
                "pass": true,
                "fail": false,
                "pending": false,
                "code": "await keysManager.initiateKeys('0x0000000000000000000000000000000000000000').should.be.rejectedWith(ERROR_MSG);\nawait keysManager.initiateKeys('0x0').should.be.rejectedWith(ERROR_MSG);",
                "err": {},
                "isRoot": false,
                "uuid": "e21e668e-c504-4111-a71d-67cca76ec9c4",
                "isHook": false,
                "skipped": false
              },
              {
                "title": "should not allow to initialize already initialized key",
                "fullTitle": "Contract: KeysManager [all features] #initiateKeys should not allow to initialize already initialized key",
                "timedOut": false,
                "duration": 54,
                "state": "passed",
                "speed": "medium",
                "pass": true,
                "fail": false,
                "pending": false,
                "code": "await keysManager.initiateKeys(accounts[2], {from: masterOfCeremony}).should.be.fulfilled;   \nawait keysManager.initiateKeys(accounts[2], {from: masterOfCeremony}).should.be.rejectedWith(ERROR_MSG);",
                "err": {},
                "isRoot": false,
                "uuid": "47b910b0-409b-47be-8090-42ed9db2d75e",
                "isHook": false,
                "skipped": false
              },
              {
                "title": "should not allow to initialize already initialized key after validator created mining key",
                "fullTitle": "Contract: KeysManager [all features] #initiateKeys should not allow to initialize already initialized key after validator created mining key",
                "timedOut": false,
                "duration": 118,
                "state": "passed",
                "speed": "slow",
                "pass": true,
                "fail": false,
                "pending": false,
                "code": "await keysManager.initiateKeys(accounts[2], {from: masterOfCeremony}).should.be.fulfilled;   \nawait keysManager.createKeys(accounts[3],accounts[4],accounts[5], {from: accounts[2]}).should.be.fulfilled;\nawait keysManager.initiateKeys(accounts[2], {from: masterOfCeremony}).should.be.rejectedWith(ERROR_MSG);",
                "err": {},
                "isRoot": false,
                "uuid": "e3cd0c54-8cc2-45a5-a04e-b2a10cb66e36",
                "isHook": false,
                "skipped": false
              },
              {
                "title": "should not equal to master of ceremony",
                "fullTitle": "Contract: KeysManager [all features] #initiateKeys should not equal to master of ceremony",
                "timedOut": false,
                "duration": 20,
                "state": "passed",
                "speed": "fast",
                "pass": true,
                "fail": false,
                "pending": false,
                "code": "await keysManager.initiateKeys(masterOfCeremony, {from: masterOfCeremony}).should.be.rejectedWith(ERROR_MSG);",
                "err": {},
                "isRoot": false,
                "uuid": "1736488c-5fdb-4eb4-8ae9-73dbf8ac1db0",
                "isHook": false,
                "skipped": false
              },
              {
                "title": "should not allow to initialize more than maxNumberOfInitialKeys",
                "fullTitle": "Contract: KeysManager [all features] #initiateKeys should not allow to initialize more than maxNumberOfInitialKeys",
                "timedOut": false,
                "duration": 141,
                "state": "passed",
                "speed": "slow",
                "pass": true,
                "fail": false,
                "pending": false,
                "code": "await keysManager.setMaxNumberOfInitialKeys(2);\nlet maxNumberOfInitialKeys = await keysManager.maxNumberOfInitialKeys();\nmaxNumberOfInitialKeys.should.be.bignumber.equal(2);\nawait keysManager.initiateKeys(accounts[1], {from: masterOfCeremony}).should.be.fulfilled;\nawait keysManager.initiateKeys(accounts[2], {from: masterOfCeremony}).should.be.fulfilled;\nawait keysManager.initiateKeys(accounts[3], {from: masterOfCeremony}).should.be.rejectedWith(ERROR_MSG);",
                "err": {},
                "isRoot": false,
                "uuid": "e7189ae9-9857-482f-8e8d-6d09332f19b9",
                "isHook": false,
                "skipped": false
              },
              {
                "title": "should not allow to initialize more than maxNumberOfInitialKeys",
                "fullTitle": "Contract: KeysManager [all features] #initiateKeys should not allow to initialize more than maxNumberOfInitialKeys",
                "timedOut": false,
                "duration": 478,
                "state": "passed",
                "speed": "slow",
                "pass": true,
                "fail": false,
                "pending": false,
                "code": "let maxNumberOfInitialKeys = await keysManager.maxNumberOfInitialKeys();\nmaxNumberOfInitialKeys.should.be.bignumber.equal(12);\nawait keysManager.initiateKeys('0x0000000000000000000000000000000000000001', {from: masterOfCeremony}).should.be.fulfilled;\nawait keysManager.initiateKeys('0x0000000000000000000000000000000000000002', {from: masterOfCeremony}).should.be.fulfilled;\nawait keysManager.initiateKeys('0x0000000000000000000000000000000000000003', {from: masterOfCeremony}).should.be.fulfilled;\nawait keysManager.initiateKeys('0x0000000000000000000000000000000000000004', {from: masterOfCeremony}).should.be.fulfilled;\nawait keysManager.initiateKeys('0x0000000000000000000000000000000000000005', {from: masterOfCeremony}).should.be.fulfilled;\nawait keysManager.initiateKeys('0x0000000000000000000000000000000000000006', {from: masterOfCeremony}).should.be.fulfilled;\nawait keysManager.initiateKeys('0x0000000000000000000000000000000000000007', {from: masterOfCeremony}).should.be.fulfilled;\nawait keysManager.initiateKeys('0x0000000000000000000000000000000000000008', {from: masterOfCeremony}).should.be.fulfilled;\nawait keysManager.initiateKeys('0x0000000000000000000000000000000000000009', {from: masterOfCeremony}).should.be.fulfilled;\nawait keysManager.initiateKeys('0x0000000000000000000000000000000000000010', {from: masterOfCeremony}).should.be.fulfilled;\nawait keysManager.initiateKeys('0x0000000000000000000000000000000000000011', {from: masterOfCeremony}).should.be.fulfilled;\nawait keysManager.initiateKeys('0x0000000000000000000000000000000000000012', {from: masterOfCeremony}).should.be.fulfilled;\nawait keysManager.initiateKeys('0x0000000000000000000000000000000000000013', {from: masterOfCeremony}).should.be.rejectedWith(ERROR_MSG);",
                "err": {},
                "isRoot": false,
                "uuid": "5bd88fda-4ea5-4f18-a71a-046b2b1baeec",
                "isHook": false,
                "skipped": false
              },
              {
                "title": "should increment initialKeyCount by 1",
                "fullTitle": "Contract: KeysManager [all features] #initiateKeys should increment initialKeyCount by 1",
                "timedOut": false,
                "duration": 73,
                "state": "passed",
                "speed": "medium",
                "pass": true,
                "fail": false,
                "pending": false,
                "code": "let initialKeysCount = await keysManager.initialKeysCount();\ninitialKeysCount.should.be.bignumber.equal(0);\nawait keysManager.initiateKeys(accounts[1], {from: masterOfCeremony}).should.be.fulfilled;\ninitialKeysCount = await keysManager.initialKeysCount();\ninitialKeysCount.should.be.bignumber.equal(1);",
                "err": {},
                "isRoot": false,
                "uuid": "37072427-766e-4073-bfdb-defb2f20df99",
                "isHook": false,
                "skipped": false
              },
              {
                "title": "should set initialKeys hash to activated status",
                "fullTitle": "Contract: KeysManager [all features] #initiateKeys should set initialKeys hash to activated status",
                "timedOut": false,
                "duration": 77,
                "state": "passed",
                "speed": "slow",
                "pass": true,
                "fail": false,
                "pending": false,
                "code": "new web3.BigNumber(0).should.be.bignumber.equal(await keysManager.initialKeys(accounts[1]));\nconst {logs} = await keysManager.initiateKeys(accounts[1], {from: masterOfCeremony}).should.be.fulfilled;\nnew web3.BigNumber(1).should.be.bignumber.equal(await keysManager.initialKeys(accounts[1]));\nlet initialKeysCount = await keysManager.initialKeysCount();\n// event InitialKeyCreated(address indexed initialKey, uint256 time, uint256 initialKeysCount);\nlogs[0].event.should.equal(\"InitialKeyCreated\");\nlogs[0].args.initialKey.should.be.equal(accounts[1]);\ninitialKeysCount.should.be.bignumber.equal(logs[0].args.initialKeysCount);",
                "err": {},
                "isRoot": false,
                "uuid": "0cb5665e-64ac-40df-baf6-48ea7380d469",
                "isHook": false,
                "skipped": false
              }
            ],
            "suites": [],
            "passes": [
              "ec1c8a74-80de-4e2f-ae1a-88c4a5dd84bc",
              "e21e668e-c504-4111-a71d-67cca76ec9c4",
              "47b910b0-409b-47be-8090-42ed9db2d75e",
              "e3cd0c54-8cc2-45a5-a04e-b2a10cb66e36",
              "1736488c-5fdb-4eb4-8ae9-73dbf8ac1db0",
              "e7189ae9-9857-482f-8e8d-6d09332f19b9",
              "5bd88fda-4ea5-4f18-a71a-046b2b1baeec",
              "37072427-766e-4073-bfdb-defb2f20df99",
              "0cb5665e-64ac-40df-baf6-48ea7380d469"
            ],
            "failures": [],
            "pending": [],
            "skipped": [],
            "duration": 1059,
            "root": false,
            "rootEmpty": false,
            "_timeout": 300000
          },
          {
            "uuid": "f9414ba4-8341-40d7-9528-3808f1ed7e79",
            "title": "#createKeys",
            "fullFile": "/home/travis/build/poanetwork/poa-network-consensus-contracts/test/keys_manager_test.js",
            "file": "/test/keys_manager_test.js",
            "beforeHooks": [],
            "afterHooks": [],
            "tests": [
              {
                "title": "should only be called from initialized key",
                "fullTitle": "Contract: KeysManager [all features] #createKeys should only be called from initialized key",
                "timedOut": false,
                "duration": 119,
                "state": "passed",
                "speed": "slow",
                "pass": true,
                "fail": false,
                "pending": false,
                "code": "await keysManager.createKeys(accounts[2], accounts[3], accounts[4], {from: accounts[1]}).should.be.rejectedWith(ERROR_MSG);\nawait keysManager.initiateKeys(accounts[1], {from: masterOfCeremony}).should.be.fulfilled;\nawait keysManager.createKeys(accounts[2], accounts[3], accounts[4], {from: accounts[1]}).should.be.fulfilled;",
                "err": {},
                "isRoot": false,
                "uuid": "f28509ad-62a6-4cb1-85cd-97d7d8bb101b",
                "isHook": false,
                "skipped": false
              },
              {
                "title": "params should not be equal to each other",
                "fullTitle": "Contract: KeysManager [all features] #createKeys params should not be equal to each other",
                "timedOut": false,
                "duration": 107,
                "state": "passed",
                "speed": "slow",
                "pass": true,
                "fail": false,
                "pending": false,
                "code": "await keysManager.initiateKeys(accounts[1], {from: masterOfCeremony}).should.be.fulfilled;\nawait keysManager.createKeys(masterOfCeremony, masterOfCeremony, accounts[2], {from: accounts[1]}).should.be.rejectedWith(ERROR_MSG);\nawait keysManager.createKeys(masterOfCeremony, accounts[2], accounts[2], {from: accounts[1]}).should.be.rejectedWith(ERROR_MSG);\nawait keysManager.createKeys(masterOfCeremony, accounts[2], masterOfCeremony, {from: accounts[1]}).should.be.rejectedWith(ERROR_MSG);",
                "err": {},
                "isRoot": false,
                "uuid": "b75d4564-91bb-433c-acdc-40b54e72f61e",
                "isHook": false,
                "skipped": false
              },
              {
                "title": "any of params should not be equal to initialKey",
                "fullTitle": "Contract: KeysManager [all features] #createKeys any of params should not be equal to initialKey",
                "timedOut": false,
                "duration": 97,
                "state": "passed",
                "speed": "slow",
                "pass": true,
                "fail": false,
                "pending": false,
                "code": "await keysManager.initiateKeys(accounts[1], {from: masterOfCeremony}).should.be.fulfilled;\nawait keysManager.createKeys(accounts[1], masterOfCeremony, accounts[2], {from: accounts[1]}).should.be.rejectedWith(ERROR_MSG);\nawait keysManager.createKeys(masterOfCeremony, accounts[1], accounts[2], {from: accounts[1]}).should.be.rejectedWith(ERROR_MSG);\nawait keysManager.createKeys(masterOfCeremony, accounts[2], accounts[1], {from: accounts[1]}).should.be.rejectedWith(ERROR_MSG);",
                "err": {},
                "isRoot": false,
                "uuid": "a8791408-8f75-4728-ba2d-5a33638dbfcb",
                "isHook": false,
                "skipped": false
              },
              {
                "title": "should assign mining, voting, payout keys to relative mappings",
                "fullTitle": "Contract: KeysManager [all features] #createKeys should assign mining, voting, payout keys to relative mappings",
                "timedOut": false,
                "duration": 155,
                "state": "passed",
                "speed": "slow",
                "pass": true,
                "fail": false,
                "pending": false,
                "code": "await keysManager.initiateKeys(accounts[1], {from: masterOfCeremony}).should.be.fulfilled;\nconst {logs} = await keysManager.createKeys(accounts[4], accounts[3], accounts[2], {from: accounts[1]}).should.be.fulfilled;\ntrue.should.be.equal(\n  await keysManager.isMiningActive(accounts[4])\n)\ntrue.should.be.equal(\n  await keysManager.isVotingActive(accounts[3])\n)\ntrue.should.be.equal(\n  await keysManager.isPayoutActive(accounts[4])\n)\n// event ValidatorInitialized(address indexed miningKey, address indexed votingKey, address indexed payoutKey);\nlogs[0].event.should.be.equal('ValidatorInitialized');\nlogs[0].args.miningKey.should.be.equal(accounts[4]);\nlogs[0].args.votingKey.should.be.equal(accounts[3]);\nlogs[0].args.payoutKey.should.be.equal(accounts[2]);",
                "err": {},
                "isRoot": false,
                "uuid": "5d3082d9-0b22-4b75-ab0e-984e465900d5",
                "isHook": false,
                "skipped": false
              },
              {
                "title": "should assigns voting <-> mining key relationship",
                "fullTitle": "Contract: KeysManager [all features] #createKeys should assigns voting <-> mining key relationship",
                "timedOut": false,
                "duration": 142,
                "state": "passed",
                "speed": "slow",
                "pass": true,
                "fail": false,
                "pending": false,
                "code": "await keysManager.initiateKeys(accounts[1], {from: masterOfCeremony}).should.be.fulfilled;\nawait keysManager.createKeys(accounts[4], accounts[3], accounts[2], {from: accounts[1]});\nconst miningKey = await keysManager.getMiningKeyByVoting(accounts[3]);\nminingKey.should.be.equal(accounts[4]);",
                "err": {},
                "isRoot": false,
                "uuid": "88c01d05-b2e1-4b9f-a547-363bc6d36405",
                "isHook": false,
                "skipped": false
              },
              {
                "title": "adds validator to poaConsensus contract",
                "fullTitle": "Contract: KeysManager [all features] #createKeys adds validator to poaConsensus contract",
                "timedOut": false,
                "duration": 117,
                "state": "passed",
                "speed": "slow",
                "pass": true,
                "fail": false,
                "pending": false,
                "code": "let miningKey = accounts[4];\nawait keysManager.initiateKeys(accounts[1], {from: masterOfCeremony}).should.be.fulfilled;\nawait keysManager.createKeys(miningKey, accounts[3], accounts[2], {from: accounts[1]});\nconst index = await poaNetworkConsensusMock.currentValidatorsLength();\n(await poaNetworkConsensusMock.pendingList(index)).should.be.equal(miningKey);",
                "err": {},
                "isRoot": false,
                "uuid": "c569897d-babf-49d5-a167-b405190b601d",
                "isHook": false,
                "skipped": false
              },
              {
                "title": "should set validatorKeys hash",
                "fullTitle": "Contract: KeysManager [all features] #createKeys should set validatorKeys hash",
                "timedOut": false,
                "duration": 106,
                "state": "passed",
                "speed": "slow",
                "pass": true,
                "fail": false,
                "pending": false,
                "code": "let miningKey = accounts[4];\nawait keysManager.initiateKeys(accounts[1], {from: masterOfCeremony}).should.be.fulfilled;\nawait keysManager.createKeys(miningKey, accounts[3], accounts[2], {from: accounts[1]});\nconst validatorKey = await keysManager.validatorKeys(miningKey);\nvalidatorKey.should.be.deep.equal([\n  accounts[3],\n  accounts[2],\n  true,\n  true,\n  true\n])",
                "err": {},
                "isRoot": false,
                "uuid": "cf03e0b5-d17e-4b22-b8b8-e94eb40e9b6c",
                "isHook": false,
                "skipped": false
              },
              {
                "title": "should set validatorKeys hash",
                "fullTitle": "Contract: KeysManager [all features] #createKeys should set validatorKeys hash",
                "timedOut": false,
                "duration": 151,
                "state": "passed",
                "speed": "slow",
                "pass": true,
                "fail": false,
                "pending": false,
                "code": "let miningKey = accounts[4];\nawait keysManager.initiateKeys(accounts[1], {from: masterOfCeremony}).should.be.fulfilled;\nawait keysManager.createKeys(miningKey, accounts[3], accounts[2], {from: accounts[1]});\nnew web3.BigNumber(2).should.be.bignumber.equal(await keysManager.initialKeys(accounts[1]));",
                "err": {},
                "isRoot": false,
                "uuid": "9285db67-4521-464d-8c9c-674a681bd942",
                "isHook": false,
                "skipped": false
              }
            ],
            "suites": [],
            "passes": [
              "f28509ad-62a6-4cb1-85cd-97d7d8bb101b",
              "b75d4564-91bb-433c-acdc-40b54e72f61e",
              "a8791408-8f75-4728-ba2d-5a33638dbfcb",
              "5d3082d9-0b22-4b75-ab0e-984e465900d5",
              "88c01d05-b2e1-4b9f-a547-363bc6d36405",
              "c569897d-babf-49d5-a167-b405190b601d",
              "cf03e0b5-d17e-4b22-b8b8-e94eb40e9b6c",
              "9285db67-4521-464d-8c9c-674a681bd942"
            ],
            "failures": [],
            "pending": [],
            "skipped": [],
            "duration": 994,
            "root": false,
            "rootEmpty": false,
            "_timeout": 300000
          },
          {
            "uuid": "f5c613e2-015c-4bd4-9200-58fa5c9ff906",
            "title": "#addMiningKey",
            "fullFile": "/home/travis/build/poanetwork/poa-network-consensus-contracts/test/keys_manager_test.js",
            "file": "/test/keys_manager_test.js",
            "beforeHooks": [],
            "afterHooks": [],
            "tests": [
              {
                "title": "should only be called from votingToChangeKeys",
                "fullTitle": "Contract: KeysManager [all features] #addMiningKey should only be called from votingToChangeKeys",
                "timedOut": false,
                "duration": 107,
                "state": "passed",
                "speed": "slow",
                "pass": true,
                "fail": false,
                "pending": false,
                "code": "await keysManager.addMiningKey(accounts[1],{from: accounts[5]}).should.be.rejectedWith(ERROR_MSG);\nawait proxyStorageMock.setVotingContractMock(accounts[2]);\nawait keysManager.addMiningKey(accounts[1], {from: accounts[2]}).should.be.fulfilled;",
                "err": {},
                "isRoot": false,
                "uuid": "aac39ab2-f6fd-419d-856c-af7e8fe5e366",
                "isHook": false,
                "skipped": false
              },
              {
                "title": "should not let add more than maxLimit",
                "fullTitle": "Contract: KeysManager [all features] #addMiningKey should not let add more than maxLimit",
                "timedOut": false,
                "duration": 55,
                "state": "passed",
                "speed": "medium",
                "pass": true,
                "fail": false,
                "pending": false,
                "code": "await poaNetworkConsensusMock.setCurrentValidatorsLength(2001);\nawait keysManager.addMiningKey(accounts[2]).should.be.rejectedWith(ERROR_MSG);",
                "err": {},
                "isRoot": false,
                "uuid": "042b531e-c7c5-4707-86ef-662129790328",
                "isHook": false,
                "skipped": false
              },
              {
                "title": "should set validatorKeys hash",
                "fullTitle": "Contract: KeysManager [all features] #addMiningKey should set validatorKeys hash",
                "timedOut": false,
                "duration": 69,
                "state": "passed",
                "speed": "medium",
                "pass": true,
                "fail": false,
                "pending": false,
                "code": "const {logs} = await keysManager.addMiningKey(accounts[2]).should.be.fulfilled;\nconst validator = await keysManager.validatorKeys(accounts[2]);\nvalidator.should.be.deep.equal(\n  [ '0x0000000000000000000000000000000000000000',\n  '0x0000000000000000000000000000000000000000',\n  true,\n  false,\n  false]\n)\nlogs[0].event.should.be.equal('MiningKeyChanged');\nlogs[0].args.key.should.be.equal(accounts[2]);\nlogs[0].args.action.should.be.equal('added');",
                "err": {},
                "isRoot": false,
                "uuid": "c1183209-3224-4849-a276-5d12ff770a5e",
                "isHook": false,
                "skipped": false
              }
            ],
            "suites": [],
            "passes": [
              "aac39ab2-f6fd-419d-856c-af7e8fe5e366",
              "042b531e-c7c5-4707-86ef-662129790328",
              "c1183209-3224-4849-a276-5d12ff770a5e"
            ],
            "failures": [],
            "pending": [],
            "skipped": [],
            "duration": 231,
            "root": false,
            "rootEmpty": false,
            "_timeout": 300000
          },
          {
            "uuid": "ef8be1c9-14cd-49d5-ba37-e75abd6b60de",
            "title": "#addVotingKey",
            "fullFile": "/home/travis/build/poanetwork/poa-network-consensus-contracts/test/keys_manager_test.js",
            "file": "/test/keys_manager_test.js",
            "beforeHooks": [],
            "afterHooks": [],
            "tests": [
              {
                "title": "should add VotingKey",
                "fullTitle": "Contract: KeysManager [all features] #addVotingKey should add VotingKey",
                "timedOut": false,
                "duration": 178,
                "state": "passed",
                "speed": "slow",
                "pass": true,
                "fail": false,
                "pending": false,
                "code": "await keysManager.addVotingKey(accounts[2],accounts[1], {from: accounts[3]}).should.be.rejectedWith(ERROR_MSG);\nawait keysManager.addMiningKey(accounts[1]).should.be.fulfilled;\nconst {logs} = await keysManager.addVotingKey(accounts[2], accounts[1]).should.be.fulfilled;\ntrue.should.be.equal(await keysManager.isVotingActive(accounts[2]));\nlogs[0].event.should.be.equal('VotingKeyChanged');\nlogs[0].args.key.should.be.equal(accounts[2]);\nlogs[0].args.miningKey.should.be.equal(accounts[1]);\nlogs[0].args.action.should.be.equal('added');\nconst miningKey = await keysManager.getMiningKeyByVoting(accounts[2]);\nminingKey.should.be.equal(accounts[1]);",
                "err": {},
                "isRoot": false,
                "uuid": "31bc5a44-0d6a-4d55-87d8-f4b66f8d4a00",
                "isHook": false,
                "skipped": false
              },
              {
                "title": "should only be called if mining is active",
                "fullTitle": "Contract: KeysManager [all features] #addVotingKey should only be called if mining is active",
                "timedOut": false,
                "duration": 143,
                "state": "passed",
                "speed": "slow",
                "pass": true,
                "fail": false,
                "pending": false,
                "code": "await keysManager.addMiningKey(accounts[1]).should.be.fulfilled;\nawait keysManager.removeMiningKey(accounts[1]).should.be.fulfilled;\nawait keysManager.addVotingKey(accounts[2], accounts[1]).should.be.rejectedWith(ERROR_MSG);",
                "err": {},
                "isRoot": false,
                "uuid": "36f3d859-63be-4191-9f22-4f29f1f46d04",
                "isHook": false,
                "skipped": false
              },
              {
                "title": "swaps keys if voting already exists",
                "fullTitle": "Contract: KeysManager [all features] #addVotingKey swaps keys if voting already exists",
                "timedOut": false,
                "duration": 187,
                "state": "passed",
                "speed": "slow",
                "pass": true,
                "fail": false,
                "pending": false,
                "code": "await keysManager.addMiningKey(accounts[1]).should.be.fulfilled;\nawait keysManager.addVotingKey(accounts[2], accounts[1]).should.be.fulfilled;\nawait keysManager.addVotingKey(accounts[3], accounts[1]).should.be.fulfilled;\nfalse.should.be.equal(await keysManager.isVotingActive(accounts[2]));\ntrue.should.be.equal(await keysManager.isVotingActive(accounts[3]));\nconst validator = await keysManager.validatorKeys(accounts[1]);\nvalidator.should.be.deep.equal(\n  [ accounts[3],\n  '0x0000000000000000000000000000000000000000',\n  true,\n  true,\n  false]\n)",
                "err": {},
                "isRoot": false,
                "uuid": "f1e939ec-39f6-4523-836f-6d30834acfc4",
                "isHook": false,
                "skipped": false
              }
            ],
            "suites": [],
            "passes": [
              "31bc5a44-0d6a-4d55-87d8-f4b66f8d4a00",
              "36f3d859-63be-4191-9f22-4f29f1f46d04",
              "f1e939ec-39f6-4523-836f-6d30834acfc4"
            ],
            "failures": [],
            "pending": [],
            "skipped": [],
            "duration": 508,
            "root": false,
            "rootEmpty": false,
            "_timeout": 300000
          },
          {
            "uuid": "eb612501-afd6-4621-9aeb-255695f2acb3",
            "title": "#addPayoutKey",
            "fullFile": "/home/travis/build/poanetwork/poa-network-consensus-contracts/test/keys_manager_test.js",
            "file": "/test/keys_manager_test.js",
            "beforeHooks": [],
            "afterHooks": [],
            "tests": [
              {
                "title": "should add PayoutKey",
                "fullTitle": "Contract: KeysManager [all features] #addPayoutKey should add PayoutKey",
                "timedOut": false,
                "duration": 152,
                "state": "passed",
                "speed": "slow",
                "pass": true,
                "fail": false,
                "pending": false,
                "code": "await keysManager.addPayoutKey(accounts[2],accounts[1]).should.be.rejectedWith(ERROR_MSG);\nawait keysManager.addMiningKey(accounts[1]).should.be.fulfilled;\nconst {logs} = await keysManager.addPayoutKey(accounts[2], accounts[1]).should.be.fulfilled;\nlogs[0].event.should.be.equal('PayoutKeyChanged');\nlogs[0].args.key.should.be.equal(accounts[2]);\nlogs[0].args.miningKey.should.be.equal(accounts[1]);\nlogs[0].args.action.should.be.equal('added');",
                "err": {},
                "isRoot": false,
                "uuid": "317f50d8-1865-40b8-8119-7decc84e7be7",
                "isHook": false,
                "skipped": false
              },
              {
                "title": "should only be called if mining is active",
                "fullTitle": "Contract: KeysManager [all features] #addPayoutKey should only be called if mining is active",
                "timedOut": false,
                "duration": 161,
                "state": "passed",
                "speed": "slow",
                "pass": true,
                "fail": false,
                "pending": false,
                "code": "await keysManager.addMiningKey(accounts[1]).should.be.fulfilled;\nawait keysManager.removeMiningKey(accounts[1]).should.be.fulfilled;\nawait keysManager.addPayoutKey(accounts[2], accounts[1]).should.be.rejectedWith(ERROR_MSG);",
                "err": {},
                "isRoot": false,
                "uuid": "9cc95b5d-5458-46a9-ba0d-119d9ccd7926",
                "isHook": false,
                "skipped": false
              },
              {
                "title": "swaps keys if voting already exists",
                "fullTitle": "Contract: KeysManager [all features] #addPayoutKey swaps keys if voting already exists",
                "timedOut": false,
                "duration": 164,
                "state": "passed",
                "speed": "slow",
                "pass": true,
                "fail": false,
                "pending": false,
                "code": "await keysManager.addMiningKey(accounts[1]).should.be.fulfilled;\nawait keysManager.addPayoutKey(accounts[2], accounts[1]).should.be.fulfilled;\nawait keysManager.addPayoutKey(accounts[3], accounts[1]).should.be.fulfilled;\ntrue.should.be.equal(await keysManager.isPayoutActive(accounts[1]));\nconst validator = await keysManager.validatorKeys(accounts[1]);\nvalidator.should.be.deep.equal(\n  [ '0x0000000000000000000000000000000000000000',\n  accounts[3],\n  true,\n  false,\n  true]\n)",
                "err": {},
                "isRoot": false,
                "uuid": "f0f7e35f-9650-40da-8e38-58bf49f936a5",
                "isHook": false,
                "skipped": false
              }
            ],
            "suites": [],
            "passes": [
              "317f50d8-1865-40b8-8119-7decc84e7be7",
              "9cc95b5d-5458-46a9-ba0d-119d9ccd7926",
              "f0f7e35f-9650-40da-8e38-58bf49f936a5"
            ],
            "failures": [],
            "pending": [],
            "skipped": [],
[...]
                "uuid": "7ccb26d4-e0e9-4e76-9941-ce165909a6e1",
                "isHook": false,
                "skipped": false
              },
              {
                "title": "should not let vote after endTime key",
                "fullTitle": "Contract: VotingToChangeProxyAddress [all features] #vote should not let vote after endTime key",
                "timedOut": false,
                "duration": 84,
                "state": "passed",
                "speed": "slow",
                "pass": true,
                "fail": false,
                "pending": false,
                "code": "await voting.setTime(VOTING_END_DATE + 1);\nawait voting.vote(id, choice.reject, { from: votingKey }).should.be.rejectedWith(ERROR_MSG);",
                "err": {},
                "isRoot": false,
                "uuid": "77d45025-c785-44a8-829d-fa99220336a3",
                "isHook": false,
                "skipped": false
              },
              {
                "title": "should not let vote with already voted key",
                "fullTitle": "Contract: VotingToChangeProxyAddress [all features] #vote should not let vote with already voted key",
                "timedOut": false,
                "duration": 194,
                "state": "passed",
                "speed": "slow",
                "pass": true,
                "fail": false,
                "pending": false,
                "code": "await voting.setTime(VOTING_END_DATE);\nawait voting.vote(id, choice.reject, { from: votingKey }).should.be.fulfilled;\nawait voting.vote(id, choice.reject, { from: votingKey }).should.be.rejectedWith(ERROR_MSG);",
                "err": {},
                "isRoot": false,
                "uuid": "bcc3b3eb-705a-43a6-af8d-c26bdd5eeead",
                "isHook": false,
                "skipped": false
              },
              {
                "title": "should not let vote with invalid choice",
                "fullTitle": "Contract: VotingToChangeProxyAddress [all features] #vote should not let vote with invalid choice",
                "timedOut": false,
                "duration": 130,
                "state": "passed",
                "speed": "slow",
                "pass": true,
                "fail": false,
                "pending": false,
                "code": "await voting.setTime(VOTING_END_DATE);\nawait voting.vote(id, 0, { from: votingKey }).should.be.rejectedWith(ERROR_MSG);\nawait voting.vote(id, 3, { from: votingKey }).should.be.rejectedWith(ERROR_MSG);",
                "err": {},
                "isRoot": false,
                "uuid": "088cc22e-f1bc-417b-96c0-3806a49074bb",
                "isHook": false,
                "skipped": false
              },
              {
                "title": "should not let vote with invalid id",
                "fullTitle": "Contract: VotingToChangeProxyAddress [all features] #vote should not let vote with invalid id",
                "timedOut": false,
                "duration": 130,
                "state": "passed",
                "speed": "slow",
                "pass": true,
                "fail": false,
                "pending": false,
                "code": "await voting.setTime(VOTING_END_DATE);\nawait voting.vote(99, 1, { from: votingKey }).should.be.rejectedWith(ERROR_MSG);\nawait voting.vote(-3, 1, { from: votingKey }).should.be.rejectedWith(ERROR_MSG);",
                "err": {},
                "isRoot": false,
                "uuid": "666bc442-49da-4fa6-85e2-9fc375a3e7c0",
                "isHook": false,
                "skipped": false
              }
            ],
            "suites": [],
            "passes": [
              "3ccbe956-56ff-42b8-ad7e-8d6ac49c4e0a",
              "9bf49794-8acd-471c-b13a-4d62b9559a49",
              "8a9ad35c-fa37-4814-af77-acaba6d586d1",
              "d9658809-7de1-4254-b8a9-1c4472e45338",
              "7ccb26d4-e0e9-4e76-9941-ce165909a6e1",
              "77d45025-c785-44a8-829d-fa99220336a3",
              "bcc3b3eb-705a-43a6-af8d-c26bdd5eeead",
              "088cc22e-f1bc-417b-96c0-3806a49074bb",
              "666bc442-49da-4fa6-85e2-9fc375a3e7c0"
            ],
            "failures": [],
            "pending": [],
            "skipped": [],
            "duration": 1552,
            "root": false,
            "rootEmpty": false,
            "_timeout": 300000
          },
          {
            "uuid": "02f100a4-1048-48b3-bea1-0f823b36ffab",
            "title": "#finalize",
            "fullFile": "/home/travis/build/poanetwork/poa-network-consensus-contracts/test/voting_to_change_proxy_test.js",
            "file": "/test/voting_to_change_proxy_test.js",
            "beforeHooks": [
              {
                "title": "\"before each\" hook",
                "fullTitle": "Contract: VotingToChangeProxyAddress [all features] #finalize \"before each\" hook",
                "timedOut": false,
                "duration": 372,
                "pass": false,
                "fail": false,
                "pending": false,
                "code": "VOTING_START_DATE = moment.utc().add(20, 'seconds').unix();\nVOTING_END_DATE = moment.utc().add(10, 'days').unix();\nawait proxyStorageMock.setVotingContractMock(accounts[0]);\nawait keysManager.addMiningKey(accounts[1]).should.be.fulfilled;\nawait keysManager.addVotingKey(votingKey, accounts[1]).should.be.fulfilled;\nawait keysManager.addMiningKey(accounts[6]).should.be.fulfilled;\nawait keysManager.addVotingKey(votingKey2, accounts[6]).should.be.fulfilled;\nawait keysManager.addMiningKey(accounts[4]).should.be.fulfilled;\nawait keysManager.addVotingKey(votingKey3, accounts[4]).should.be.fulfilled;\nawait poaNetworkConsensusMock.setSystemAddress(accounts[0]);\nawait poaNetworkConsensusMock.finalizeChange().should.be.fulfilled;\nawait proxyStorageMock.setVotingContractMock(voting.address);",
                "err": {},
                "isRoot": false,
                "uuid": "41fbbbc7-7348-4b41-bc79-ad5f342122d9",
                "isHook": true,
                "skipped": false
              }
            ],
            "afterHooks": [],
            "tests": [
              {
                "title": "doesnot change if it did not pass minimum threshold",
                "fullTitle": "Contract: VotingToChangeProxyAddress [all features] #finalize doesnot change if it did not pass minimum threshold",
                "timedOut": false,
                "duration": 403,
                "state": "passed",
                "speed": "slow",
                "pass": true,
                "fail": false,
                "pending": false,
                "code": "let proposedValue = 5;\nlet contractType = 1; //keysManager\nvotingId = await voting.nextBallotId();\nawait voting.createBallotToChangeProxyAddress(\n  VOTING_START_DATE, VOTING_END_DATE, accounts[5], contractType, \"memo\", { from: votingKey }\n);\nawait voting.finalize(votingId, { from: votingKey }).should.be.rejectedWith(ERROR_MSG);\nawait voting.setTime(VOTING_START_DATE);\nawait voting.vote(votingId, choice.accept, { from: votingKey }).should.be.fulfilled;\n// await voting.vote(votingId, choice.accept, {from: votingKey2}).should.be.fulfilled;\nawait voting.setTime(VOTING_END_DATE + 1);\nconst { logs } = await voting.finalize(votingId, { from: votingKey }).should.be.fulfilled;\nawait voting.vote(votingId, choice.accept, { from: votingKey }).should.be.rejectedWith(ERROR_MSG);\nactiveBallotsLength = await voting.activeBallotsLength();\nactiveBallotsLength.should.be.bignumber.equal(0);\ntrue.should.be.equal(await voting.getIsFinalized(votingId));\n// Finalized(msg.sender);\nlogs[0].event.should.be.equal(\"BallotFinalized\");\nlogs[0].args.voter.should.be.equal(votingKey);\nconst votingState = await voting.votingState(votingId);\nvotingState.should.be.deep.equal([\n  new web3.BigNumber(VOTING_START_DATE),\n  new web3.BigNumber(VOTING_END_DATE),\n  new web3.BigNumber(1), //totalVoters\n  new web3.BigNumber(1), //progress\n  true, //isFinalized\n  new web3.BigNumber(3), //quorumState enum QuorumStates {Invalid, InProgress, Accepted, Rejected}\n  new web3.BigNumber(0), //index\n  new web3.BigNumber(2), //minThreshold\n  accounts[5], //porposedValue\n  new web3.BigNumber(contractType),\n  miningKeyForVotingKey, //creator\n  \"memo\"\n])\ntrue.should.be.equal(\n  await voting.hasAlreadyVoted(votingId, votingKey)\n);\nconst minThresholdOfVoters = await ballotsStorage.getBallotThreshold(1);\nminThresholdOfVoters.should.be.bignumber.equal(3);",
                "err": {},
                "isRoot": false,
                "uuid": "817b5cb7-f8ec-47c0-8e84-a947bfcf8baa",
                "isHook": false,
                "skipped": false
              },
              {
                "title": "should change getKeysManager address",
                "fullTitle": "Contract: VotingToChangeProxyAddress [all features] #finalize should change getKeysManager address",
                "timedOut": false,
                "duration": 533,
                "state": "passed",
                "speed": "slow",
                "pass": true,
                "fail": false,
                "pending": false,
                "code": "let contractType = 1;\nlet newAddress = accounts[5];\nawait deployAndTest({contractType, newAddress})\nnewAddress.should.be.equal(await proxyStorageMock.getKeysManager());",
                "err": {},
                "isRoot": false,
                "uuid": "6a156134-b219-498f-88c0-f855899ba5ea",
                "isHook": false,
                "skipped": false
              },
              {
                "title": "should change getVotingToChangeKeys",
                "fullTitle": "Contract: VotingToChangeProxyAddress [all features] #finalize should change getVotingToChangeKeys",
                "timedOut": false,
                "duration": 643,
                "state": "passed",
                "speed": "slow",
                "pass": true,
                "fail": false,
                "pending": false,
                "code": "let contractType = 2;\nlet newAddress = accounts[5];\nawait deployAndTest({contractType, newAddress})\nnewAddress.should.be.equal(await proxyStorageMock.getVotingToChangeKeys());",
                "err": {},
                "isRoot": false,
                "uuid": "6b0a1ddc-3eae-4e90-b538-6cd347673662",
                "isHook": false,
                "skipped": false
              },
              {
                "title": "should change getVotingToChangeMinThreshold",
                "fullTitle": "Contract: VotingToChangeProxyAddress [all features] #finalize should change getVotingToChangeMinThreshold",
                "timedOut": false,
                "duration": 658,
                "state": "passed",
                "speed": "slow",
                "pass": true,
                "fail": false,
                "pending": false,
                "code": "let contractType = 3;\nlet newAddress = accounts[5];\nawait deployAndTest({contractType, newAddress})\nnewAddress.should.be.equal(await proxyStorageMock.getVotingToChangeMinThreshold());",
                "err": {},
                "isRoot": false,
                "uuid": "42e9e4d5-e71b-424a-98b5-1cf1bd61369c",
                "isHook": false,
                "skipped": false
              },
              {
                "title": "should change getVotingToChangeProxy",
                "fullTitle": "Contract: VotingToChangeProxyAddress [all features] #finalize should change getVotingToChangeProxy",
                "timedOut": false,
                "duration": 646,
                "state": "passed",
                "speed": "slow",
                "pass": true,
                "fail": false,
                "pending": false,
                "code": "let contractType = 4;\nlet newAddress = accounts[5];\nawait deployAndTest({contractType, newAddress})\nnewAddress.should.be.equal(await proxyStorageMock.getVotingToChangeProxy());",
                "err": {},
                "isRoot": false,
                "uuid": "dd7f4eaa-13c3-48a4-8ae3-1efd7d84c470",
                "isHook": false,
                "skipped": false
              },
              {
                "title": "should change getBallotsStorage",
                "fullTitle": "Contract: VotingToChangeProxyAddress [all features] #finalize should change getBallotsStorage",
                "timedOut": false,
                "duration": 677,
                "state": "passed",
                "speed": "slow",
                "pass": true,
                "fail": false,
                "pending": false,
                "code": "let contractType = 5;\nlet newAddress = accounts[5];\nawait deployAndTest({contractType, newAddress})\nnewAddress.should.be.equal(await proxyStorageMock.getBallotsStorage());",
                "err": {},
                "isRoot": false,
                "uuid": "ecf4d29c-7b78-408a-b0b0-d84564d90aae",
                "isHook": false,
                "skipped": false
              },
              {
                "title": "should change ValidatorMetadata implementation",
                "fullTitle": "Contract: VotingToChangeProxyAddress [all features] #finalize should change ValidatorMetadata implementation",
                "timedOut": false,
                "duration": 696,
                "state": "passed",
                "speed": "slow",
                "pass": true,
                "fail": false,
                "pending": false,
                "code": "let contractType = 7;\nlet validatorMetadataNew = await ValidatorMetadata.new();\nlet newAddress = validatorMetadataNew.address;\nawait deployAndTest({contractType, newAddress})\nlet eternalProxyAddress = await proxyStorageMock.getValidatorMetadata();\nlet eternalProxy = await EternalStorageProxy.at(eternalProxyAddress);\nnewAddress.should.be.equal(await eternalProxy.implementation());",
                "err": {},
                "isRoot": false,
                "uuid": "c8b346b4-d5b3-47be-b0ff-0fad680b0f9c",
                "isHook": false,
                "skipped": false
              },
              {
                "title": "should change ValidatorMetadata storage",
                "fullTitle": "Contract: VotingToChangeProxyAddress [all features] #finalize should change ValidatorMetadata storage",
                "timedOut": false,
                "duration": 691,
                "state": "passed",
                "speed": "slow",
                "pass": true,
                "fail": false,
                "pending": false,
                "code": "let contractType = 8;\nlet validatorMetadataEternalStorageNew = await EternalStorageProxy.new(proxyStorageMock.address, validatorMetadata.address);\nlet newAddress = validatorMetadataEternalStorageNew.address;\nawait deployAndTest({contractType, newAddress})\nnewAddress.should.be.equal(await proxyStorageMock.getValidatorMetadata());",
                "err": {},
                "isRoot": false,
                "uuid": "e6a4a29c-513c-4950-9f95-4de892027178",
                "isHook": false,
                "skipped": false
              },
              {
                "title": "prevents double finalize",
                "fullTitle": "Contract: VotingToChangeProxyAddress [all features] #finalize prevents double finalize",
                "timedOut": false,
                "duration": 988,
                "state": "passed",
                "speed": "slow",
                "pass": true,
                "fail": false,
                "pending": false,
                "code": "let newAddress1 = accounts[4];\nlet newAddress2 = accounts[5];\nlet contractType1 = 4;\nlet contractType2 = 5;\nawait voting.createBallotToChangeProxyAddress(\n  VOTING_START_DATE, VOTING_END_DATE, newAddress1, contractType1, \"memo\", { from: votingKey }\n);\nawait voting.createBallotToChangeProxyAddress(\n  VOTING_START_DATE+2, VOTING_END_DATE+2, newAddress2, contractType2, \"memo\", { from: votingKey }\n);\n  \nconst activeBallotsLength = await voting.activeBallotsLength();\nvotingId = await voting.activeBallots(activeBallotsLength.toNumber() - 2);\nlet votingIdForSecond = votingId.add(1);\nawait voting.setTime(VOTING_START_DATE);\nawait voting.vote(votingId, choice.reject, {from: votingKey}).should.be.fulfilled;\nfalse.should.be.equal(await voting.hasAlreadyVoted(votingId, votingKey2));\nawait voting.vote(votingId, choice.accept, {from: votingKey2}).should.be.fulfilled;\nawait voting.vote(votingId, choice.accept, {from: votingKey3}).should.be.fulfilled;\nawait voting.setTime(VOTING_END_DATE + 1);\nfalse.should.be.equal(await voting.getIsFinalized(votingId));\nawait voting.finalize(votingId, {from: votingKey}).should.be.fulfilled;\ntrue.should.be.equal(await voting.getIsFinalized(votingId));\nawait voting.finalize(votingId, {from: votingKey}).should.be.rejectedWith(ERROR_MSG);\nawait voting.finalize(votingIdForSecond, {from: votingKey}).should.be.rejectedWith(ERROR_MSG);\nfalse.should.be.equal(await voting.getIsFinalized(votingIdForSecond));\nawait voting.vote(votingIdForSecond, choice.reject, {from: votingKey}).should.be.fulfilled;\nawait voting.setTime(VOTING_END_DATE + 3);\nawait voting.finalize(votingIdForSecond, {from: votingKey}).should.be.fulfilled;\nnew web3.BigNumber(-1).should.be.bignumber.equal(await voting.getProgress(votingIdForSecond))\nnew web3.BigNumber(1).should.be.bignumber.equal(await voting.getProgress(votingId))\nlet votingState1 = await voting.votingState(votingId);\nvotingState1.should.be.deep.equal([\n  new web3.BigNumber(VOTING_START_DATE),\n  new web3.BigNumber(VOTING_END_DATE),\n  new web3.BigNumber(3), //totalVoters\n  new web3.BigNumber(1), //progress\n  true, //isFinalized\n  new web3.BigNumber(2), //quorumState enum QuorumStates {Invalid, InProgress, Accepted, Rejected}\n  new web3.BigNumber(0), //index\n  new web3.BigNumber(2), //minThreshold\n  newAddress1, //proposedValue\n  new web3.BigNumber(contractType1),\n  miningKeyForVotingKey, //creator\n  \"memo\"\n])\nlet votingState2 = await voting.votingState(votingIdForSecond);\nvotingState2.should.be.deep.equal([\n  new web3.BigNumber(VOTING_START_DATE+2),\n  new web3.BigNumber(VOTING_END_DATE+2),\n  new web3.BigNumber(1), //totalVoters\n  new web3.BigNumber(-1), //progress\n  true, //isFinalized\n  new web3.BigNumber(3), //quorumState enum QuorumStates {Invalid, InProgress, Accepted, Rejected}\n  new web3.BigNumber(0), //index\n  new web3.BigNumber(2), //minThreshold\n  newAddress2, //proposedValue\n  new web3.BigNumber(contractType2),\n  miningKeyForVotingKey, //creator\n  \"memo\"\n])",
                "err": {},
                "isRoot": false,
                "uuid": "da265aff-a327-4e2c-b467-20cd7d5f5530",
                "isHook": false,
                "skipped": false
              }
            ],
            "suites": [],
            "passes": [
              "817b5cb7-f8ec-47c0-8e84-a947bfcf8baa",
              "6a156134-b219-498f-88c0-f855899ba5ea",
              "6b0a1ddc-3eae-4e90-b538-6cd347673662",
              "42e9e4d5-e71b-424a-98b5-1cf1bd61369c",
              "dd7f4eaa-13c3-48a4-8ae3-1efd7d84c470",
              "ecf4d29c-7b78-408a-b0b0-d84564d90aae",
              "c8b346b4-d5b3-47be-b0ff-0fad680b0f9c",
              "e6a4a29c-513c-4950-9f95-4de892027178",
              "da265aff-a327-4e2c-b467-20cd7d5f5530"
            ],
            "failures": [],
            "pending": [],
            "skipped": [],
            "duration": 5935,
            "root": false,
            "rootEmpty": false,
            "_timeout": 300000
          }
        ],
        "passes": [],
        "failures": [],
        "pending": [],
        "skipped": [],
        "duration": 0,
        "root": false,
        "rootEmpty": false,
        "_timeout": 300000
      }
    ],
    "passes": [],
    "failures": [],
    "pending": [],
    "skipped": [],
    "duration": 0,
    "root": true,
    "rootEmpty": true,
    "_timeout": 2000
  },
  "copyrightYear": 2018
}